[14-Jan-2016 17:22:02 America/Mexico_City] PHP Notice:  Undefined variable: url_video in /Users/micho/Documents/cuervo/sitios/wp-sally/wp-content/themes/sally/templates/tutoriales-single.php on line 29
[14-Jan-2016 17:22:02 America/Mexico_City] PHP Notice:  Undefined variable: url_video in /Users/micho/Documents/cuervo/sitios/wp-sally/wp-content/themes/sally/templates/tutoriales-single.php on line 29
[14-Jan-2016 17:23:19 America/Mexico_City] PHP Notice:  Undefined variable: url_video in /Users/micho/Documents/cuervo/sitios/wp-sally/wp-content/themes/sally/templates/tutoriales-single.php on line 29
[14-Jan-2016 17:23:19 America/Mexico_City] PHP Notice:  Undefined variable: url_video in /Users/micho/Documents/cuervo/sitios/wp-sally/wp-content/themes/sally/templates/tutoriales-single.php on line 29
[14-Jan-2016 17:25:15 America/Mexico_City] PHP Notice:  Undefined variable: url_video in /Users/micho/Documents/cuervo/sitios/wp-sally/wp-content/themes/sally/templates/tutoriales-single.php on line 29
[14-Jan-2016 17:25:15 America/Mexico_City] PHP Notice:  Undefined variable: url_video in /Users/micho/Documents/cuervo/sitios/wp-sally/wp-content/themes/sally/templates/tutoriales-single.php on line 29
[14-Jan-2016 17:25:15 America/Mexico_City] PHP Notice:  Undefined variable: url_video in /Users/micho/Documents/cuervo/sitios/wp-sally/wp-content/themes/sally/templates/tutoriales-single.php on line 29
[14-Jan-2016 17:27:26 America/Mexico_City] PHP Notice:  Undefined variable: url_video in /Users/micho/Documents/cuervo/sitios/wp-sally/wp-content/themes/sally/templates/tutoriales-single.php on line 29
[14-Jan-2016 17:27:26 America/Mexico_City] PHP Notice:  Undefined variable: url_video in /Users/micho/Documents/cuervo/sitios/wp-sally/wp-content/themes/sally/templates/tutoriales-single.php on line 29
[14-Jan-2016 17:27:26 America/Mexico_City] PHP Notice:  Undefined variable: url_video in /Users/micho/Documents/cuervo/sitios/wp-sally/wp-content/themes/sally/templates/tutoriales-single.php on line 29
[14-Jan-2016 17:30:24 America/Mexico_City] PHP Notice:  Undefined variable: url_video in /Users/micho/Documents/cuervo/sitios/wp-sally/wp-content/themes/sally/templates/tutoriales-single.php on line 29
[14-Jan-2016 17:30:24 America/Mexico_City] PHP Notice:  Undefined variable: url_video in /Users/micho/Documents/cuervo/sitios/wp-sally/wp-content/themes/sally/templates/tutoriales-single.php on line 29
[14-Jan-2016 17:30:24 America/Mexico_City] PHP Notice:  Undefined variable: url_video in /Users/micho/Documents/cuervo/sitios/wp-sally/wp-content/themes/sally/templates/tutoriales-single.php on line 29
[14-Jan-2016 17:30:24 America/Mexico_City] PHP Notice:  Undefined variable: url_video in /Users/micho/Documents/cuervo/sitios/wp-sally/wp-content/themes/sally/templates/tutoriales-single.php on line 29
[14-Jan-2016 17:30:24 America/Mexico_City] PHP Notice:  Undefined variable: url_video in /Users/micho/Documents/cuervo/sitios/wp-sally/wp-content/themes/sally/templates/tutoriales-single.php on line 29
[15-Jan-2016 12:31:36 America/Mexico_City] PHP Notice:  Undefined variable: url_video in /Users/micho/Documents/cuervo/sitios/wp-sally/wp-content/themes/sally/templates/tutoriales-single.php on line 29
[15-Jan-2016 12:31:36 America/Mexico_City] PHP Notice:  Undefined variable: url_video in /Users/micho/Documents/cuervo/sitios/wp-sally/wp-content/themes/sally/templates/tutoriales-single.php on line 29
[15-Jan-2016 12:31:36 America/Mexico_City] PHP Notice:  Undefined variable: url_video in /Users/micho/Documents/cuervo/sitios/wp-sally/wp-content/themes/sally/templates/tutoriales-single.php on line 29
[15-Jan-2016 12:31:36 America/Mexico_City] PHP Notice:  Undefined variable: url_video in /Users/micho/Documents/cuervo/sitios/wp-sally/wp-content/themes/sally/templates/tutoriales-single.php on line 29
[15-Jan-2016 12:31:36 America/Mexico_City] PHP Notice:  Undefined variable: url_video in /Users/micho/Documents/cuervo/sitios/wp-sally/wp-content/themes/sally/templates/tutoriales-single.php on line 29
[17-Jan-2016 21:03:33 America/Mexico_City] PHP Warning:  Ocurrió un error inesperado. Algo puede estar mal con Wordpress.org o con la configuración de este servidor. Si continúas teniendo problemas, por favor trata de resolverlos en los <a href="https://wordpress.org/support/">foros de soporte</a>.  (WordPress no pudo establecer una conexión segura a WordPress.org. Por favor contacte al administrador de su servidor) in /Users/micho/Documents/cuervo/sitios/wp-sally/wp-includes/update.php on line 123
[17-Jan-2016 21:03:33 America/Mexico_City] PHP Warning:  Ocurrió un error inesperado. Algo puede estar mal con Wordpress.org o con la configuración de este servidor. Si continúas teniendo problemas, por favor trata de resolverlos en los <a href="https://wordpress.org/support/">foros de soporte</a>.  (WordPress no pudo establecer una conexión segura a WordPress.org. Por favor contacte al administrador de su servidor) in /Users/micho/Documents/cuervo/sitios/wp-sally/wp-includes/update.php on line 303
[17-Jan-2016 21:03:33 America/Mexico_City] PHP Warning:  Ocurrió un error inesperado. Algo puede estar mal con Wordpress.org o con la configuración de este servidor. Si continúas teniendo problemas, por favor trata de resolverlos en los <a href="https://wordpress.org/support/">foros de soporte</a>.  (WordPress no pudo establecer una conexión segura a WordPress.org. Por favor contacte al administrador de su servidor) in /Users/micho/Documents/cuervo/sitios/wp-sally/wp-includes/update.php on line 467
[17-Jan-2016 21:14:03 America/Mexico_City] PHP Fatal error:  Call to undefined function show_select_categorias_tutorial() in /Users/micho/Documents/cuervo/sitios/wp-sally/wp-content/themes/sally/page-exito.php on line 47
[17-Jan-2016 21:36:50 America/Mexico_City] PHP Notice:  Undefined variable: url_video in /Users/micho/Documents/cuervo/sitios/wp-sally/wp-content/themes/sally/templates/tutoriales-single.php on line 29
[17-Jan-2016 21:36:50 America/Mexico_City] PHP Notice:  Undefined variable: url_video in /Users/micho/Documents/cuervo/sitios/wp-sally/wp-content/themes/sally/templates/tutoriales-single.php on line 29
[17-Jan-2016 21:36:50 America/Mexico_City] PHP Notice:  Undefined variable: url_video in /Users/micho/Documents/cuervo/sitios/wp-sally/wp-content/themes/sally/templates/tutoriales-single.php on line 29
[17-Jan-2016 21:36:50 America/Mexico_City] PHP Notice:  Undefined variable: url_video in /Users/micho/Documents/cuervo/sitios/wp-sally/wp-content/themes/sally/templates/tutoriales-single.php on line 29
[17-Jan-2016 21:36:50 America/Mexico_City] PHP Notice:  Undefined variable: url_video in /Users/micho/Documents/cuervo/sitios/wp-sally/wp-content/themes/sally/templates/tutoriales-single.php on line 29
[17-Jan-2016 21:40:48 America/Mexico_City] PHP Notice:  Undefined variable: url_video in /Users/micho/Documents/cuervo/sitios/wp-sally/wp-content/themes/sally/templates/tutoriales-single.php on line 29
[17-Jan-2016 21:40:48 America/Mexico_City] PHP Notice:  Undefined variable: url_video in /Users/micho/Documents/cuervo/sitios/wp-sally/wp-content/themes/sally/templates/tutoriales-single.php on line 29
[17-Jan-2016 21:40:48 America/Mexico_City] PHP Notice:  Undefined variable: url_video in /Users/micho/Documents/cuervo/sitios/wp-sally/wp-content/themes/sally/templates/tutoriales-single.php on line 29
[17-Jan-2016 21:40:48 America/Mexico_City] PHP Notice:  Undefined variable: url_video in /Users/micho/Documents/cuervo/sitios/wp-sally/wp-content/themes/sally/templates/tutoriales-single.php on line 29
[17-Jan-2016 21:40:48 America/Mexico_City] PHP Notice:  Undefined variable: url_video in /Users/micho/Documents/cuervo/sitios/wp-sally/wp-content/themes/sally/templates/tutoriales-single.php on line 29
[17-Jan-2016 21:40:49 America/Mexico_City] PHP Notice:  Undefined variable: url_video in /Users/micho/Documents/cuervo/sitios/wp-sally/wp-content/themes/sally/templates/tutoriales-single.php on line 29
[17-Jan-2016 21:40:49 America/Mexico_City] PHP Notice:  Undefined variable: url_video in /Users/micho/Documents/cuervo/sitios/wp-sally/wp-content/themes/sally/templates/tutoriales-single.php on line 29
[17-Jan-2016 21:40:49 America/Mexico_City] PHP Notice:  Undefined variable: url_video in /Users/micho/Documents/cuervo/sitios/wp-sally/wp-content/themes/sally/templates/tutoriales-single.php on line 29
[17-Jan-2016 21:40:49 America/Mexico_City] PHP Notice:  Undefined variable: url_video in /Users/micho/Documents/cuervo/sitios/wp-sally/wp-content/themes/sally/templates/tutoriales-single.php on line 29
[17-Jan-2016 21:40:49 America/Mexico_City] PHP Notice:  Undefined variable: url_video in /Users/micho/Documents/cuervo/sitios/wp-sally/wp-content/themes/sally/templates/tutoriales-single.php on line 29
[17-Jan-2016 21:40:50 America/Mexico_City] PHP Notice:  Undefined variable: url_video in /Users/micho/Documents/cuervo/sitios/wp-sally/wp-content/themes/sally/templates/tutoriales-single.php on line 29
[17-Jan-2016 21:40:50 America/Mexico_City] PHP Notice:  Undefined variable: url_video in /Users/micho/Documents/cuervo/sitios/wp-sally/wp-content/themes/sally/templates/tutoriales-single.php on line 29
[17-Jan-2016 21:40:50 America/Mexico_City] PHP Notice:  Undefined variable: url_video in /Users/micho/Documents/cuervo/sitios/wp-sally/wp-content/themes/sally/templates/tutoriales-single.php on line 29
[17-Jan-2016 21:40:50 America/Mexico_City] PHP Notice:  Undefined variable: url_video in /Users/micho/Documents/cuervo/sitios/wp-sally/wp-content/themes/sally/templates/tutoriales-single.php on line 29
[17-Jan-2016 21:40:50 America/Mexico_City] PHP Notice:  Undefined variable: url_video in /Users/micho/Documents/cuervo/sitios/wp-sally/wp-content/themes/sally/templates/tutoriales-single.php on line 29
[17-Jan-2016 21:40:51 America/Mexico_City] PHP Notice:  Undefined variable: url_video in /Users/micho/Documents/cuervo/sitios/wp-sally/wp-content/themes/sally/templates/tutoriales-single.php on line 29
[17-Jan-2016 21:40:51 America/Mexico_City] PHP Notice:  Undefined variable: url_video in /Users/micho/Documents/cuervo/sitios/wp-sally/wp-content/themes/sally/templates/tutoriales-single.php on line 29
[17-Jan-2016 21:40:51 America/Mexico_City] PHP Notice:  Undefined variable: url_video in /Users/micho/Documents/cuervo/sitios/wp-sally/wp-content/themes/sally/templates/tutoriales-single.php on line 29
[17-Jan-2016 21:40:51 America/Mexico_City] PHP Notice:  Undefined variable: url_video in /Users/micho/Documents/cuervo/sitios/wp-sally/wp-content/themes/sally/templates/tutoriales-single.php on line 29
[17-Jan-2016 21:40:51 America/Mexico_City] PHP Notice:  Undefined variable: url_video in /Users/micho/Documents/cuervo/sitios/wp-sally/wp-content/themes/sally/templates/tutoriales-single.php on line 29
[18-Jan-2016 18:47:45 UTC] PHP Parse error:  syntax error, unexpected ',' in /Users/micho/Documents/cuervo/sitios/wp-sally/wp-content/themes/sally/functions.php on line 78
[19-Jan-2016 14:27:05 America/Mexico_City] PHP Notice:  Undefined variable: the_query in /Users/micho/Documents/cuervo/sitios/wp-sally/wp-content/themes/sally/templates/tutoriales-single.php on line 19
[19-Jan-2016 14:27:05 America/Mexico_City] PHP Notice:  Trying to get property of non-object in /Users/micho/Documents/cuervo/sitios/wp-sally/wp-content/themes/sally/templates/tutoriales-single.php on line 19
[19-Jan-2016 14:34:06 America/Mexico_City] PHP Notice:  Undefined variable: label in /Users/micho/Documents/cuervo/sitios/wp-sally/wp-content/themes/sally/page-ver-tutoriales.php on line 30
[19-Jan-2016 14:38:20 America/Mexico_City] PHP Notice:  Undefined variable: query_tutoriales in /Users/micho/Documents/cuervo/sitios/wp-sally/wp-content/themes/sally/page-ver-tutoriales.php on line 57
[19-Jan-2016 14:38:20 America/Mexico_City] PHP Notice:  Trying to get property of non-object in /Users/micho/Documents/cuervo/sitios/wp-sally/wp-content/themes/sally/page-ver-tutoriales.php on line 57
[19-Jan-2016 14:38:45 America/Mexico_City] PHP Notice:  Undefined variable: query_tutoriales in /Users/micho/Documents/cuervo/sitios/wp-sally/wp-content/themes/sally/page-ver-tutoriales.php on line 57
[19-Jan-2016 14:38:45 America/Mexico_City] PHP Notice:  Trying to get property of non-object in /Users/micho/Documents/cuervo/sitios/wp-sally/wp-content/themes/sally/page-ver-tutoriales.php on line 57
[19-Jan-2016 14:38:53 America/Mexico_City] PHP Notice:  Undefined variable: query_tutoriales in /Users/micho/Documents/cuervo/sitios/wp-sally/wp-content/themes/sally/page-ver-tutoriales.php on line 59
[19-Jan-2016 14:38:53 America/Mexico_City] PHP Notice:  Trying to get property of non-object in /Users/micho/Documents/cuervo/sitios/wp-sally/wp-content/themes/sally/page-ver-tutoriales.php on line 59
[19-Jan-2016 14:45:08 America/Mexico_City] PHP Warning:  Invalid argument supplied for foreach() in /Users/micho/Documents/cuervo/sitios/wp-sally/wp-content/themes/sally/page-ver-tutoriales.php on line 65
[19-Jan-2016 14:46:11 America/Mexico_City] PHP Parse error:  syntax error, unexpected ':' in /Users/micho/Documents/cuervo/sitios/wp-sally/wp-content/themes/sally/page-ver-tutoriales.php on line 65
[23-Feb-2016 13:37:16 America/Mexico_City] PHP Parse error:  syntax error, unexpected 'echo' (T_ECHO) in /Users/micho/Documents/cuervo/sitios/wp-sally/wp-content/themes/sally/templates/tutoriales-single.php on line 37
[23-Feb-2016 13:37:32 America/Mexico_City] PHP Parse error:  syntax error, unexpected 'echo' (T_ECHO) in /Users/micho/Documents/cuervo/sitios/wp-sally/wp-content/themes/sally/templates/tutoriales-single.php on line 37
